Starting QoRTs v1.3.6 (Compiled Tue Sep 25 11:21:46 EDT 2018)
Starting time: (Sat Apr 22 03:25:51 EDT 2023)
INPUT_COMMAND(QC)
  INPUT_ARG(infile)=/athena/angsd/scratch/spv4002/SRR21190769/SRR21190769.Aligned.sortedByCoord.out.bam
  INPUT_ARG(gtffile)=/athena/angsd/scratch/spv4002/hg38/hg38.ncbiRefSeq.gtf
  INPUT_ARG(outdir)=/athena/angsd/scratch/spv4002/alignmentQC/SRR21190769_alignmentQC
  INPUT_ARG(generatePlots)=true
  INPUT_ARG(stranded)=true
Created Log File: /athena/angsd/scratch/spv4002/alignmentQC/SRR21190769_alignmentQC/QC.mbb2GArtgrOp.log
Starting QC
[Time: 2023-04-22 03:25:51] [Mem usage: [38MB / 1107MB]] [Elapsed Time: 00:00:00.0000]
QoRTs is Running in paired-end mode.
QoRTs is Running in any-sorted mode.
No parameter --genomeFA found.
NOTE: Function "overlapMatch" requires function "mismatchEngine". Adding "mismatchEngine" to the active function list...
Running functions: CigarOpDistribution, GCDistribution, GeneCalcs, InsertSize, 
        JunctionCalcs, NVC, QualityScoreDistribution, StrandCheck, 
        chromCounts, cigarLocusCounts, mismatchEngine, overlapMatch, 
        readLengthDistro, writeBiotypeCounts, writeClippedNVC, 
        writeDESeq, writeDEXSeq, writeGeneBody, writeGeneCounts, 
        writeGenewiseGeneBody, writeJunctionSeqCounts, 
        writeKnownSplices, writeNovelSplices, writeSpliceExon
Checking first 10000 reads. Checking SAM file for formatting errors...
   Stats on the first 10000 reads:
        Num Reads Primary Map:    3605
        Num Reads Paired-ended:   10000
        Num Reads mapped pair:    3605
        Num Pair names found:     1820
        Num Pairs matched:        1785
        Read Seq length:          100 to 100
        Unclipped Read length:    100 to 100
        Final maxReadLength:      100
        maxPhredScore:            38
        minPhredScore:            0
   Note: Data appears to be paired-ended.
   Sorting Note: Reads are not sorted by name (This is OK).
   Sorting Note: Reads are sorted by position (This is OK).
Done checking first 10000 reads. No major problems detected!
SAMRecord Reader Generated. Read length: 100.
[Time: 2023-04-22 03:25:54] [Mem usage: [445MB / 1912MB]] [Elapsed Time: 00:00:03.0094]
> Init GeneCalcs Utility
> Init InsertSize Utility
Compiling flat feature annotation, internally in memory...
FlatteningGtf: starting...(2023-04-22 03:27:09)
    FlatteningGtf: gtf file read complete.(2023-04-22 03:29:49)
    FlatteningGtf: Splice Junction Map read.(2023-04-22 03:29:51)
    FlatteningGtf: gene Sets generated.(2023-04-22 03:29:52)
    FlatteningGtf: Aggregate Sets built.
    FlatteningGtf: Compiling Aggregate Info . . . (2023-04-22 03:29:53)
    FlatteningGtf: Finished Compiling Aggregate Info. (2023-04-22 03:29:54)
    FlatteningGtf: Iterating through the step-vector...(2023-04-22 03:29:54)
    FlatteningGtf: Adding the aggregate genes themselves...(2023-04-22 03:29:56)
    FlatteningGtf: Iterating through the splice junctions...(2023-04-22 03:29:57)
    FlatteningGtf: Sorting the aggregate genes...(2023-04-22 03:30:00)
    FlatteningGtf: Folding the FlatGtfLine iterator...(2023-04-22 03:30:00)
    FlatteningGtf: Features Built.(2023-04-22 03:30:00)
Internal flat feature annotation compiled!
> Init NVC utility
> Init CigarOpDistribution Utility
> Init QualityScoreDistribution Utility
> Init GC counts Utility
> Init JunctionCalcs utility
length of knownSpliceMap after instantiation: 380433
length of knownCountMap after instantiation: 380433
> Init StrandCheck Utility
> Init chromCount Utility
> Init qcCigarLocusCounts Utility
> Init OverlapMatch Utility
> Init MinorUtils Utility
QC Utilities Generated!
[Time: 2023-04-22 03:30:05] [Mem usage: [1970MB / 14GB]] [Elapsed Time: 00:04:13.0279]
helper_calculateGeneAssignmentMap_strict. Found: 59251 genes in the supplied annotation.
helper_calculateGeneAssignmentMap_strict. Found: 3736 genes with ambiguous segments.
helper_calculateGeneAssignmentMap_strict. Found: 55515 genes after first-pass filtering
making makeGeneIntervalMap for geneBody calculations. Found: 51523 acceptable genes for gene-body analysis.
..........[1000000 Read-Pairs processed] [Time: 2023-04-22 03:33:14] 
..........[2000000 Read-Pairs processed] [Time: 2023-04-22 03:35:01] 
..........[3000000 Read-Pairs processed] [Time: 2023-04-22 03:36:49] 
..........[4000000 Read-Pairs processed] [Time: 2023-04-22 03:38:41] 
..........[5000000 Read-Pairs processed] [Time: 2023-04-22 03:40:31] 
..........[6000000 Read-Pairs processed] [Time: 2023-04-22 03:42:22] 
..........[7000000 Read-Pairs processed] [Time: 2023-04-22 03:44:12] 
..........[8000000 Read-Pairs processed] [Time: 2023-04-22 03:46:00] 
..........[9000000 Read-Pairs processed] [Time: 2023-04-22 03:48:01] 
..........[10000000 Read-Pairs processed] [Time: 2023-04-22 03:49:48] 
..........[11000000 Read-Pairs processed] [Time: 2023-04-22 03:51:34] 
..........[12000000 Read-Pairs processed] [Time: 2023-04-22 03:53:21] 
..........[13000000 Read-Pairs processed] [Time: 2023-04-22 03:55:10] 
..........[14000000 Read-Pairs processed] [Time: 2023-04-22 03:57:00] 
..........[15000000 Read-Pairs processed] [Time: 2023-04-22 03:58:53] 
..........[16000000 Read-Pairs processed] [Time: 2023-04-22 04:00:44] 
..........[17000000 Read-Pairs processed] [Time: 2023-04-22 04:02:32] 
..........[18000000 Read-Pairs processed] [Time: 2023-04-22 04:04:23] 
..........[19000000 Read-Pairs processed] [Time: 2023-04-22 04:06:09] 
..........[20000000 Read-Pairs processed] [Time: 2023-04-22 04:07:55] 
..........[21000000 Read-Pairs processed] [Time: 2023-04-22 04:09:45] 
..........[22000000 Read-Pairs processed] [Time: 2023-04-22 04:11:36] 
..........[23000000 Read-Pairs processed] [Time: 2023-04-22 04:13:24] 
..........[24000000 Read-Pairs processed] [Time: 2023-04-22 04:15:13] 
..........[25000000 Read-Pairs processed] [Time: 2023-04-22 04:16:58] 
..........[26000000 Read-Pairs processed] [Time: 2023-04-22 04:18:56] 
..........[27000000 Read-Pairs processed] [Time: 2023-04-22 04:20:40] 
..........[28000000 Read-Pairs processed] [Time: 2023-04-22 04:22:32] 
..........[29000000 Read-Pairs processed] [Time: 2023-04-22 04:24:21] 
..........[30000000 Read-Pairs processed] [Time: 2023-04-22 04:27:00] 
..........[31000000 Read-Pairs processed] [Time: 2023-04-22 04:28:39] 
..........[32000000 Read-Pairs processed] [Time: 2023-04-22 04:30:21] 
..........[33000000 Read-Pairs processed] [Time: 2023-04-22 04:32:09] 
.....
Finished reading SAM. Read: 33582704 reads/read-pairs.
Finished reading SAM. Used: 31980877 reads/read-pairs.
[Time: 2023-04-22 04:33:12] [Mem usage: [8GB / 16GB]] [Elapsed Time: 01:07:20.0589]
> Read Stats:
>   READ_PAIR_OK                   31980877
>   TOTAL_READ_PAIRS               33582704
>   DROPPED_NOT_PROPER_PAIR        0
>   DROPPED_READ_FAILS_VENDOR_QC   0
>   DROPPED_MARKED_NOT_VALID       0
>   DROPPED_CHROMS_MISMATCH        0
>   DROPPED_PAIR_STRANDS_MISMATCH  0
>   DROPPED_IGNORED_CHROMOSOME     0
>   DROPPED_NOT_UNIQUE_ALIGNMENT   1601827
>   DROPPED_NO_ALN_BLOCKS   0
>   DROPPED_NOT_MARKED_RG   -1
Pre-alignment read count unknown (Set --seqReadCt or --rawfastq)
Writing Output...
DEBUG NOTE: IncludeGenesSet.size: 51523
DEBUG NOTE: sortedReadCountSeq.size: 24764
DEBUG NOTE: coverageThresholds: 12382;18573;22287;24764
DEBUG NOTE: coverageSpans: [(0,12382);(12382,18573);(18573,22287);(22287,24764)]
DEBUG NOTE:	[1.bottomHalf][0.5] = [0,12382]
DEBUG NOTE:	[2.upperMidQuartile][0.75] = [12382,18573]
DEBUG NOTE:	[3.75to90][0.9] = [18573,22287]
DEBUG NOTE:	[4.high][1.0] = [22287,24764]
      (DEBUG) Generating Biotype Map [2023-04-22 04:33:14]
      (DEBUG) Extracted gene BioType using key "gene_biotype".
              Found 0 types: []
      (DEBUG) Finished Biotype Map [2023-04-22 04:37:28]
length of knownCountMap after run: 380433
QoRTs QC complete with no problems.
Generating plots...
Creating Directory: /athena/angsd/scratch/spv4002/alignmentQC/SRR21190769_alignmentQC/QCplots
Successfully Created Directory: /athena/angsd/scratch/spv4002/alignmentQC/SRR21190769_alignmentQC/QCplots
 > Starting R execution. (generating plots)
   > STARTING...
   > Untitled/athena/angsd/scratch/spv4002/alignmentQC/SRR21190769_alignmentQC/UntitledUNKNOWNUNKNOWN
   > charactercharactercharactercharactercharactercharacter
   > Note: no input.read.pair.count column found. This column is optional, but without it mapping rates cannot be calculated.
   > Note: no multi.mapped.read.pair.count column found. This column is optional, but without it (depending on how your aligner implements multi-mapping) multi-mapping rates might not be plotted.
   > WARNING: QoRTs run may be incomplete! File not found: /athena/angsd/scratch/spv4002/alignmentQC/SRR21190769_alignmentQC//QC.QORTS_COMPLETED_OK!
   > infile.dir = 
   > scalaqc_file = QC.summary.txt.done.
   >    [time: 2023-04-22 04:40:04],[elapsed: 0.01 secs]
   > Autodetected Paired-End mode.
   > (File 1 of 43): QC.gc.byPair.txt.gz.done.
   >    [time: 2023-04-22 04:40:04],[elapsed: 0 secs]
   > (File 2 of 43): QC.gc.byRead.txt.gz.done.
   >    [time: 2023-04-22 04:40:04],[elapsed: 0 secs]
   > (File 3 of 43): QC.gc.byRead.vsBaseCt.txt.gz.done.
   >    [time: 2023-04-22 04:40:04],[elapsed: 0.01 secs]
   > (File 4 of 43): QC.quals.r1.txt.gz.done.
   >    [time: 2023-04-22 04:40:04],[elapsed: 0 secs]
   > (File 5 of 43): QC.quals.r2.txt.gz.done.
   >    [time: 2023-04-22 04:40:04],[elapsed: 0 secs]
   > (File 6 of 43): QC.cigarOpDistribution.byReadCycle.R1.txt.gz.done.
   >    [time: 2023-04-22 04:40:04],[elapsed: 0.01 secs]
   > (File 7 of 43): QC.cigarOpDistribution.byReadCycle.R2.txt.gz.done.
   >    [time: 2023-04-22 04:40:04],[elapsed: 0.01 secs]
   > (File 8 of 43): QC.cigarOpLengths.byOp.R1.txt.gz.done.
   >    [time: 2023-04-22 04:40:04],[elapsed: 0.05 secs]
   > (File 9 of 43): QC.cigarOpLengths.byOp.R2.txt.gz.done.
   >    [time: 2023-04-22 04:40:04],[elapsed: 0.04 secs]
   > (File 10 of 43): QC.geneBodyCoverage.by.expression.level.txt.gz.done.
   >    [time: 2023-04-22 04:40:04],[elapsed: 0 secs]
   > (File 11 of 43): QC.geneCounts.txt.gz.done.
   >    [time: 2023-04-22 04:40:04],[elapsed: 0.08 secs]
   > (File 12 of 43): QC.insert.size.txt.gz.done.
   >    [time: 2023-04-22 04:40:04],[elapsed: 0.01 secs]
   > (File 13 of 43): QC.NVC.raw.R1.txt.gz.done.
   >    [time: 2023-04-22 04:40:04],[elapsed: 0 secs]
   > (File 14 of 43): QC.NVC.raw.R2.txt.gz.done.
   >    [time: 2023-04-22 04:40:04],[elapsed: 0 secs]
   > (File 15 of 43): QC.NVC.lead.clip.R1.txt.gz.done.
   >    [time: 2023-04-22 04:40:04],[elapsed: 0.02 secs]
   > (File 16 of 43): QC.NVC.lead.clip.R2.txt.gz.done.
   >    [time: 2023-04-22 04:40:04],[elapsed: 0.01 secs]
   > (File 17 of 43): QC.NVC.tail.clip.R1.txt.gz.done.
   >    [time: 2023-04-22 04:40:04],[elapsed: 0.01 secs]
   > (File 18 of 43): QC.NVC.tail.clip.R2.txt.gz.done.
   >    [time: 2023-04-22 04:40:04],[elapsed: 0.01 secs]
   > (File 19 of 43): QC.NVC.minus.clipping.R1.txt.gz.done.
   >    [time: 2023-04-22 04:40:04],[elapsed: 0 secs]
   > (File 20 of 43): QC.NVC.minus.clipping.R2.txt.gz.done.
   >    [time: 2023-04-22 04:40:04],[elapsed: 0 secs]
   > (File 21 of 43): QC.chromCount.txt.gz.done.
   >    [time: 2023-04-22 04:40:04],[elapsed: 0 secs]
   > (File 22 of 43): QC.biotypeCounts.txt.gz.done.
   >    [time: 2023-04-22 04:40:04],[elapsed: 0 secs]
   > (File 23 of 43): QC.geneBodyCoverage.byExpr.avgPct.txt.gz.done.
   >    [time: 2023-04-22 04:40:04],[elapsed: 0 secs]
   > (File 24 of 43): QC.overlapCoverage.txt.gz.done.
   >    [time: 2023-04-22 04:40:04],[elapsed: 0 secs]
   > (File 25 of 43): QC.overlapMismatch.byRead.txt.gz.done.
   >    [time: 2023-04-22 04:40:04],[elapsed: 0 secs]
   > (File 26 of 43): QC.overlapMismatch.byScore.txt.done.
   >    [time: 2023-04-22 04:40:04],[elapsed: 0 secs]
   > (File 27 of 43): QC.overlapMismatch.byBase.txt.gz.done.
   >    [time: 2023-04-22 04:40:04],[elapsed: 0 secs]
   > (File 28 of 43): QC.overlapMismatch.byScoreAndBP.txt.gz.done.
   >    [time: 2023-04-22 04:40:04],[elapsed: 0.03 secs]
   > (File 29 of 43): QC.readLenDist.txt.gz.done.
   >    [time: 2023-04-22 04:40:04],[elapsed: 0 secs]
   > (File 30 of 43): QC.referenceMismatchCounts.txt.gzFailed: Cannot find file: /athena/angsd/scratch/spv4002/alignmentQC/SRR21190769_alignmentQC//QC.referenceMismatchCounts.txt.gz. Skipping tests that use this data.
   >    [time: 2023-04-22 04:40:04],[elapsed: 0 secs]
   > (File 31 of 43): QC.referenceMismatchRaw.byReadStrand.txtFailed: Cannot find file: /athena/angsd/scratch/spv4002/alignmentQC/SRR21190769_alignmentQC//QC.referenceMismatchRaw.byReadStrand.txt. Skipping tests that use this data.
   >    [time: 2023-04-22 04:40:04],[elapsed: 0 secs]
   > (File 32 of 43): QC.referenceMismatch.byScore.txtFailed: Cannot find file: /athena/angsd/scratch/spv4002/alignmentQC/SRR21190769_alignmentQC//QC.referenceMismatch.byScore.txt. Skipping tests that use this data.
   >    [time: 2023-04-22 04:40:04],[elapsed: 0 secs]
   > (File 33 of 43): QC.referenceMismatch.byScoreAndBP.txtFailed: Cannot find file: /athena/angsd/scratch/spv4002/alignmentQC/SRR21190769_alignmentQC//QC.referenceMismatch.byScoreAndBP.txt. Skipping tests that use this data.
   >    [time: 2023-04-22 04:40:04],[elapsed: 0 secs]
   > (File 34 of 43): QC.mismatchSizeRates.txt.gz.done.
   >    [time: 2023-04-22 04:40:04],[elapsed: 0 secs]
   > (File 35 of 43): QC.FQ.gc.byRead.txt.gzFailed: Cannot find file: /athena/angsd/scratch/spv4002/alignmentQC/SRR21190769_alignmentQC//QC.FQ.gc.byRead.txt.gz. Skipping tests that use this data.
   >    [time: 2023-04-22 04:40:04],[elapsed: 0 secs]
   > (File 36 of 43): QC.FQ.gc.byPair.txt.gzFailed: Cannot find file: /athena/angsd/scratch/spv4002/alignmentQC/SRR21190769_alignmentQC//QC.FQ.gc.byPair.txt.gz. Skipping tests that use this data.
   >    [time: 2023-04-22 04:40:04],[elapsed: 0 secs]
   > (File 37 of 43): QC.FQ.gc.R1.txt.gzFailed: Cannot find file: /athena/angsd/scratch/spv4002/alignmentQC/SRR21190769_alignmentQC//QC.FQ.gc.R1.txt.gz. Skipping tests that use this data.
   >    [time: 2023-04-22 04:40:04],[elapsed: 0 secs]
   > (File 38 of 43): QC.FQ.gc.R2.txt.gzFailed: Cannot find file: /athena/angsd/scratch/spv4002/alignmentQC/SRR21190769_alignmentQC//QC.FQ.gc.R2.txt.gz. Skipping tests that use this data.
   >    [time: 2023-04-22 04:40:04],[elapsed: 0 secs]
   > (File 39 of 43): QC.FQ.NVC.R1.txt.gzFailed: Cannot find file: /athena/angsd/scratch/spv4002/alignmentQC/SRR21190769_alignmentQC//QC.FQ.NVC.R1.txt.gz. Skipping tests that use this data.
   >    [time: 2023-04-22 04:40:04],[elapsed: 0 secs]
   > (File 40 of 43): QC.FQ.NVC.R2.txt.gzFailed: Cannot find file: /athena/angsd/scratch/spv4002/alignmentQC/SRR21190769_alignmentQC//QC.FQ.NVC.R2.txt.gz. Skipping tests that use this data.
   >    [time: 2023-04-22 04:40:04],[elapsed: 0 secs]
   > (File 41 of 43): QC.FQ.quals.r1.txt.gzFailed: Cannot find file: /athena/angsd/scratch/spv4002/alignmentQC/SRR21190769_alignmentQC//QC.FQ.quals.r1.txt.gz. Skipping tests that use this data.
   >    [time: 2023-04-22 04:40:04],[elapsed: 0 secs]
   > (File 42 of 43): QC.FQ.quals.r2.txt.gzFailed: Cannot find file: /athena/angsd/scratch/spv4002/alignmentQC/SRR21190769_alignmentQC//QC.FQ.quals.r2.txt.gz. Skipping tests that use this data.
   >    [time: 2023-04-22 04:40:04],[elapsed: 0 secs]
   > (File 43 of 43): QC.FQ.readLenDist.txt.gzFailed: Cannot find file: /athena/angsd/scratch/spv4002/alignmentQC/SRR21190769_alignmentQC//QC.FQ.readLenDist.txt.gz. Skipping tests that use this data.
   >    [time: 2023-04-22 04:40:04],[elapsed: 0 secs]
   > calculating secondary data:
   > Calculating Quality Score Rates...done. [time: 2023-04-22 04:40:04],[elapsed: 0 secs]
   > Calculating cumulative gene coverage, by replicate...done. [time: 2023-04-22 04:40:04],[elapsed: 0.01 secs]
   > Calculating cumulative gene coverage, by sample...done. [time: 2023-04-22 04:40:04],[elapsed: 0 secs]
   > Calculating Mapping Rates...done. [time: 2023-04-22 04:40:04],[elapsed: 0 secs]
   > calculating normalization factors, by sample...done. [time: 2023-04-22 04:40:04],[elapsed: 0 secs]
   > calculating normalization factors, by replicate...done. [time: 2023-04-22 04:40:04],[elapsed: 0 secs]
   > calculating normalization factors, by sample/replicate...done. [time: 2023-04-22 04:40:04],[elapsed: 0 secs]
   > Calculating summary stats...done. [time: 2023-04-22 04:40:04],[elapsed: 0.01 secs]
   > Calculating overlap mismatch-size rates...done. [time: 2023-04-22 04:40:04],[elapsed: 0 secs]
   > Calculating cumulative overlap mismatch-size rates...done. [time: 2023-04-22 04:40:04],[elapsed: 0 secs]
   > Calculating overlap coverage Rates...done. [time: 2023-04-22 04:40:04],[elapsed: 0 secs]
   > Calculating overlap coverage Rates By Read...done. [time: 2023-04-22 04:40:04],[elapsed: 0 secs]
   > Calculating read length distribution...done. [time: 2023-04-22 04:40:04],[elapsed: 0 secs]
   > Calculating overlap by AVG score...done. [time: 2023-04-22 04:40:04],[elapsed: 0.01 secs]
   > Calculating overlap by MIN score...done. [time: 2023-04-22 04:40:04],[elapsed: 0 secs]
   > Adding Min score error to summary tables...done. [time: 2023-04-22 04:40:04],[elapsed: 0.01 secs]
   > Calculating overlap by R1 score...done. [time: 2023-04-22 04:40:04],[elapsed: 0 secs]
   > Calculating overlap by R2 score...done. [time: 2023-04-22 04:40:04],[elapsed: 0 secs]
   > Calculating summary table...done. [time: 2023-04-22 04:40:04],[elapsed: 0 secs]
   > Calculating overlap mismatch combos...Calculating mismatch combo rates:...done. [time: 2023-04-22 04:40:04],[elapsed: 0 secs]
   > Calculating overlapMismatch.byScoreAndBP stats...done. [time: 2023-04-22 04:40:05],[elapsed: 0.57 secs]
   > done. [time: 2023-04-22 04:40:05],[elapsed: 0.57 secs]
   > Calculating NVC rates...done. [time: 2023-04-22 04:40:05],[elapsed: 0.06 secs]
   > done.
   > [time: 2023-04-22 04:40:05],[elapsed: 0.7 secs]
   > Skipping: "onTarget.rates","onTarget.counts","overlap.mismatch.byAvgQual"
   > Rasterize large plots: FALSE
   > Rasterize medium plots: FALSE
   > Skipping due to missing data: "referenceMismatch.byCycle","referenceMismatch.byScore","referenceMismatch.byBase","referenceMismatch.byBase.atScore.R1","referenceMismatch.byBase.atScore.R2","mapping.rates","norm.factors","norm.vs.TC"
   > Plotting extended...
   > Starting compiled plot...
   > Starting: Minimum plot.
   > Finished: Minimum Phred Quality Score plot.[time: 2023-04-22 04:40:55],[elapsed: 0.03 secs]
   > Starting: Lower Quartile plot.
   > Finished: Lower Quartile Phred Quality Score plot.[time: 2023-04-22 04:40:55],[elapsed: 0.02 secs]
   > Starting: Median plot.
   > Finished: Median Phred Quality Score plot.[time: 2023-04-22 04:40:55],[elapsed: 0.02 secs]
   > Starting: Upper Quartile plot.
   > Finished: Upper Quartile Phred Quality Score plot.[time: 2023-04-22 04:40:55],[elapsed: 0.02 secs]
   > Starting: Maximum plot.
   > Finished: Maximum Phred Quality Score plot.[time: 2023-04-22 04:40:55],[elapsed: 0.03 secs]
   > Starting: Alignment Clipping Rate, by read cycle plot.
   > Finished: Alignment Clipping Rate, by read cycle plot.[time: 2023-04-22 04:40:55],[elapsed: 0.01 secs]
   > Starting: Deletion Rate, by read cycle plot.
   > Finished: Deletion Rate, by read cycle plot.[time: 2023-04-22 04:40:55],[elapsed: 0.01 secs]
   > Starting: Insertion Rate, by read cycle plot.
   > Finished: Insertion Rate, by read cycle plot.[time: 2023-04-22 04:40:55],[elapsed: 0.05 secs]
   > Starting: Splice Junction Rate, by read cycle plot.
   > Finished: Splice Junction Rate, by read cycle plot.[time: 2023-04-22 04:40:55],[elapsed: 0.01 secs]
   > Starting: Insertion Length Distribution plot.
   > Finished: Insertion Length Distribution plot.[time: 2023-04-22 04:40:55],[elapsed: 0.01 secs]
   > Starting: Deletion Length Distribution plot.
   > Finished: Deletion Length Distribution plot.[time: 2023-04-22 04:40:55],[elapsed: 0.01 secs]
   > Starting: GC Content plot.
   > Finished: GC Content plot.[time: 2023-04-22 04:40:55],[elapsed: 0.01 secs]
   > Starting: Missingness Rate, by read cycle plot.
   > Finished: Missingness Rate, by read cycle plot.[time: 2023-04-22 04:40:55],[elapsed: 0.01 secs]
   > Starting: Dropped Rates plot.
   > Finished: Dropped Rates plot.[time: 2023-04-22 04:40:55],[elapsed: 0.01 secs]
   > Starting: Insert Size plot.
   > Finished: Insert Size plot.[time: 2023-04-22 04:40:55],[elapsed: 0.01 secs]
   > Starting: Overlap Coverage plot.
   > Finished: Overlap Coverage plot.[time: 2023-04-22 04:40:55],[elapsed: 0.01 secs]
   > Starting: Read Length Distribution plot.
   > Finished: Read Length Distribution plot.[time: 2023-04-22 04:40:55],[elapsed: 0 secs]
   > Starting: Overlap Mismatch by Read Cycle plot.
   > Finished: Overlap Mismatch by Read Cycle plot.[time: 2023-04-22 04:40:55],[elapsed: 0.01 secs]
   > Starting: Overlapping Mismatch by Min Qual plot.
   > Finished: Overlapping Mismatch by Min Qual plot.[time: 2023-04-22 04:40:55],[elapsed: 0.01 secs]
   > Starting: Overlap Mismatch by Read Qual plot.
   > Finished: Overlap Mismatch by Read Qual plot.[time: 2023-04-22 04:40:55],[elapsed: 0 secs]
   > Starting: Overlap Mismatch Combinations plot.
   > Finished: Overlap Mismatch Combinations plot.[time: 2023-04-22 04:40:55],[elapsed: 0.01 secs]
   > Starting: Overlap Mismatch Size Frequency plot.
   > Finished: Overlap Mismatch Size Frequency plot.[time: 2023-04-22 04:40:55],[elapsed: 0.01 secs]
   > Starting: Overlap Mismatch Pairs At Phred == 41 plot.
   > Finished: Overlap Mismatch Pairs At Phred == 41 plot.[time: 2023-04-22 04:40:55],[elapsed: 0.01 secs]
   > Starting: Cumulative Gene Assignment Diversity plot.
   > Finished: Cumulative Gene Assignment Diversity plot.[time: 2023-04-22 04:40:55],[elapsed: 0.02 secs]
   > Starting: Gene-Body Coverage plot.
   > Finished: Gene-Body Coverage plot.[time: 2023-04-22 04:40:55],[elapsed: 0.01 secs]
   > Starting: Gene-Body Coverage, Upper Middle Quartile Genes plot.
   > Finished: Gene-Body Coverage, Upper Middle Quartile Genes plot.[time: 2023-04-22 04:40:55],[elapsed: 0.01 secs]
   > Starting: Gene-Body Coverage, Low Expression Genes plot.
   > Finished: Gene-Body Coverage, Low Expression Genes plot.[time: 2023-04-22 04:40:55],[elapsed: 0.01 secs]
   > Starting: Gene Assignment Rates plot.
   > Finished: Gene Assignment Rates plot.[time: 2023-04-22 04:40:55],[elapsed: 0.01 secs]
   > Starting: Splice Junction Loci Rates plot.
   > Finished: Splice Junction Loci Rates plot.[time: 2023-04-22 04:40:55],[elapsed: 0.01 secs]
   > Starting: Splice Junction Event Rates plot.
   > Finished: Splice Junction Event Rates plot.[time: 2023-04-22 04:40:55],[elapsed: 0.01 secs]
   > Starting: Splice Junction Event Rates plot.
   > Finished: Splice Junction Event Rates plot.[time: 2023-04-22 04:40:55],[elapsed: 0.01 secs]
   > Starting: Chromosome Rates plot.
   > Finished: Chromosome Rates plot.[time: 2023-04-22 04:40:55],[elapsed: 0.1 secs]
   > Starting: Strandedness Test plot.
   > Finished: Strandedness Test plot.[time: 2023-04-22 04:40:55],[elapsed: 0 secs]
   > Starting: Lead Clipping NVC plot.
   > Finished: Lead Clipping NVC plot.[time: 2023-04-22 04:40:55],[elapsed: 0.02 secs]
   > Starting: Tail Clipping NVC plot.
   > Finished: Tail Clipping NVC plot.[time: 2023-04-22 04:40:55],[elapsed: 0.02 secs]
   > Starting: NVC, Raw plot.
   > Finished: NVC, Raw plot.[time: 2023-04-22 04:40:55],[elapsed: 0.03 secs]
   > Starting: NVC, Aligned bases only plot.
   > Finished: NVC, Aligned bases only plot.[time: 2023-04-22 04:40:55],[elapsed: 0.03 secs]
   > Finished Multiplot[time: 2023-04-22 04:40:58],[elapsed: 52 secs]
   > Done with plot.
   > Skipping: "onTarget.rates","onTarget.counts","overlap.mismatch.byAvgQual"
   > cannot open raster images, because package "png" not found. Install package png (with command install.packages("png")) or set rasterize.large.plots to FALSE!
   > cannot open raster images, because package "png" not found. Install package png (with command install.packages("png")) or set rasterize.medium.plots to FALSE!
   > Rasterize large plots: FALSE
   > Rasterize medium plots: FALSE
   > Skipping due to missing data: "referenceMismatch.byCycle","referenceMismatch.byScore","referenceMismatch.byBase","referenceMismatch.byBase.atScore.R1","referenceMismatch.byBase.atScore.R2","mapping.rates","norm.factors","norm.vs.TC"
   > Plotting extended...
   > Starting compiled plot...
   > Starting: Minimum plot.
   > Finished: Minimum Phred Quality Score plot.[time: 2023-04-22 04:40:58],[elapsed: 0 secs]
   > Starting: Lower Quartile plot.
   > Finished: Lower Quartile Phred Quality Score plot.[time: 2023-04-22 04:40:58],[elapsed: 0 secs]
   > Starting: Median plot.
   > Finished: Median Phred Quality Score plot.[time: 2023-04-22 04:40:58],[elapsed: 0 secs]
   > Starting: Upper Quartile plot.
   > Finished: Upper Quartile Phred Quality Score plot.[time: 2023-04-22 04:40:58],[elapsed: 0 secs]
   > Starting: Maximum plot.
   > Finished: Maximum Phred Quality Score plot.[time: 2023-04-22 04:40:58],[elapsed: 0 secs]
   >   layoutCap = 6
   >   layoutStart = 7
   >   i = 7
   > Starting: Alignment Clipping Rate, by read cycle plot.
   > Finished: Alignment Clipping Rate, by read cycle plot.[time: 2023-04-22 04:40:58],[elapsed: 0.01 secs]
   > Starting: Deletion Rate, by read cycle plot.
   > Finished: Deletion Rate, by read cycle plot.[time: 2023-04-22 04:40:58],[elapsed: 0 secs]
   > Starting: Insertion Rate, by read cycle plot.
   > Finished: Insertion Rate, by read cycle plot.[time: 2023-04-22 04:40:58],[elapsed: 0 secs]
   > Starting: Splice Junction Rate, by read cycle plot.
   > Finished: Splice Junction Rate, by read cycle plot.[time: 2023-04-22 04:40:58],[elapsed: 0.01 secs]
   > Starting: Insertion Length Distribution plot.
   > Finished: Insertion Length Distribution plot.[time: 2023-04-22 04:40:58],[elapsed: 0 secs]
   > Starting: Deletion Length Distribution plot.
   > Finished: Deletion Length Distribution plot.[time: 2023-04-22 04:40:58],[elapsed: 0 secs]
   >   layoutCap = 6
   >   layoutStart = 13
   >   i = 13
   > Starting: GC Content plot.
   > Finished: GC Content plot.[time: 2023-04-22 04:40:58],[elapsed: 0.01 secs]
   > Starting: Missingness Rate, by read cycle plot.
   > Finished: Missingness Rate, by read cycle plot.[time: 2023-04-22 04:40:58],[elapsed: 0.01 secs]
   > Starting: Dropped Rates plot.
   > Finished: Dropped Rates plot.[time: 2023-04-22 04:40:58],[elapsed: 0 secs]
   > Starting: Insert Size plot.
   > Finished: Insert Size plot.[time: 2023-04-22 04:40:58],[elapsed: 0.01 secs]
   > Starting: Overlap Coverage plot.
   > Finished: Overlap Coverage plot.[time: 2023-04-22 04:40:58],[elapsed: 0 secs]
   > Starting: Read Length Distribution plot.
   > Finished: Read Length Distribution plot.[time: 2023-04-22 04:40:58],[elapsed: 0 secs]
   >   layoutCap = 6
   >   layoutStart = 19
   >   i = 19
   > Starting: Overlap Mismatch by Read Cycle plot.
   > Finished: Overlap Mismatch by Read Cycle plot.[time: 2023-04-22 04:40:58],[elapsed: 0.01 secs]
   > Starting: Overlapping Mismatch by Min Qual plot.
   > Finished: Overlapping Mismatch by Min Qual plot.[time: 2023-04-22 04:40:58],[elapsed: 0 secs]
   > Starting: Overlap Mismatch by Read Qual plot.
   > Finished: Overlap Mismatch by Read Qual plot.[time: 2023-04-22 04:40:58],[elapsed: 0 secs]
   > Starting: Overlap Mismatch Combinations plot.
   > Finished: Overlap Mismatch Combinations plot.[time: 2023-04-22 04:40:58],[elapsed: 0 secs]
   > Starting: Overlap Mismatch Size Frequency plot.
   > Finished: Overlap Mismatch Size Frequency plot.[time: 2023-04-22 04:40:58],[elapsed: 0 secs]
   > Starting: Overlap Mismatch Pairs At Phred == 41 plot.
   > Finished: Overlap Mismatch Pairs At Phred == 41 plot.[time: 2023-04-22 04:40:58],[elapsed: 0 secs]
   >   layoutCap = 6
   >   layoutStart = 25
   >   i = 25
   > Starting: Cumulative Gene Assignment Diversity plot.
   > Finished: Cumulative Gene Assignment Diversity plot.[time: 2023-04-22 04:40:58],[elapsed: 0.06 secs]
   > Starting: Gene-Body Coverage plot.
   > Finished: Gene-Body Coverage plot.[time: 2023-04-22 04:40:58],[elapsed: 0 secs]
   > Starting: Gene-Body Coverage, Upper Middle Quartile Genes plot.
   > Finished: Gene-Body Coverage, Upper Middle Quartile Genes plot.[time: 2023-04-22 04:40:58],[elapsed: 0 secs]
   > Starting: Gene-Body Coverage, Low Expression Genes plot.
   > Finished: Gene-Body Coverage, Low Expression Genes plot.[time: 2023-04-22 04:40:58],[elapsed: 0 secs]
   > Starting: Gene Assignment Rates plot.
   > Finished: Gene Assignment Rates plot.[time: 2023-04-22 04:40:58],[elapsed: 0 secs]
   > Starting: Splice Junction Loci Rates plot.
   > Finished: Splice Junction Loci Rates plot.[time: 2023-04-22 04:40:58],[elapsed: 0 secs]
   >   layoutCap = 6
   >   layoutStart = 31
   >   i = 31
   > Starting: Splice Junction Event Rates plot.
   > Finished: Splice Junction Event Rates plot.[time: 2023-04-22 04:40:58],[elapsed: 0.02 secs]
   > Starting: Splice Junction Event Rates plot.
   > Finished: Splice Junction Event Rates plot.[time: 2023-04-22 04:40:58],[elapsed: 0 secs]
   > Starting: Chromosome Rates plot.
   > Finished: Chromosome Rates plot.[time: 2023-04-22 04:40:58],[elapsed: 0.09 secs]
   > Starting: Strandedness Test plot.
   > Finished: Strandedness Test plot.[time: 2023-04-22 04:40:58],[elapsed: 0 secs]
   > Starting: Lead Clipping NVC plot.
   > Finished: Lead Clipping NVC plot.[time: 2023-04-22 04:40:58],[elapsed: 0.01 secs]
   > Starting: Tail Clipping NVC plot.
   > Finished: Tail Clipping NVC plot.[time: 2023-04-22 04:40:58],[elapsed: 0.01 secs]
   >   layoutCap = 2
   >   layoutStart = 37
   >   i = 37
   > Starting: NVC, Raw plot.
   > Finished: NVC, Raw plot.[time: 2023-04-22 04:40:58],[elapsed: 0.01 secs]
   > Starting: NVC, Aligned bases only plot.
   > Finished: NVC, Aligned bases only plot.[time: 2023-04-22 04:40:58],[elapsed: 0.01 secs]
   > Finished Multiplot[time: 2023-04-22 04:40:58],[elapsed: 0.41 secs]
   > Done with plot.
   > Warning messages:
   > 1: In check.rasterize.or.warn("rasterize.large.plots") :
   >   cannot open raster images, because package "png" not found. Install package png (with command install.packages("png")) or set rasterize.large.plots to FALSE!
   > 2: In check.rasterize.or.warn("rasterize.medium.plots") :
   >   cannot open raster images, because package "png" not found. Install package png (with command install.packages("png")) or set rasterize.medium.plots to FALSE!
   > Skipping: "onTarget.rates","onTarget.counts","overlap.mismatch.byAvgQual"
   > Rasterize large plots: FALSE
   > Rasterize medium plots: FALSE
   > Skipping due to missing data: "referenceMismatch.byCycle","referenceMismatch.byScore","referenceMismatch.byBase","referenceMismatch.byBase.atScore.R1","referenceMismatch.byBase.atScore.R2","mapping.rates","norm.factors","norm.vs.TC"
   > Plotting extended...
   > Starting compiled plot...
   >     (Skipped legend box due to encountering errors)
   >      Error:"Error in plot.new(): could not open file '/athena/angsd/scratch/spv4002/alignmentQC/SRR21190769_alignmentQCQCplots//plot-basic.legend.png'
   > "
   > PLOTTING ERROR: Error in text.default(devlim[1], devlim[4], corner.labels[i], cex = cex.corner.label, : plot.new has not been called yet
   > 
   > Done with plot.
   > DONE...
   > null device 
   >           1 
 > Finished R execution.
Done.
Time spent on setup:           00:04:13.0279
Time spent on SAM iteration:   01:03:07.0310
                               (1.8794396861749627 minutes per million read-pairs)
                               (1.9735752295556706 minutes per million read-pairs used)
Time spent on file output:     00:07:46.0205
Total runtime:                 01:15:06.0794
Done. (Sat Apr 22 04:40:58 EDT 2023)
